#
# There is insufficient memory for the Java Runtime Environment to continue.
# Native memory allocation (malloc) failed to allocate 32744 bytes for ChunkPool::allocate
# Possible reasons:
#   The system is out of physical RAM or swap space
#   In 32 bit mode, the process size limit was hit
# Possible solutions:
#   Reduce memory load on the system
#   Increase physical memory or swap space
#   Check if swap backing store is full
#   Use 64 bit Java on a 64 bit OS
#   Decrease Java heap size (-Xmx/-Xms)
#   Decrease number of Java threads
#   Decrease Java thread stack sizes (-Xss)
#   Set larger code cache with -XX:ReservedCodeCacheSize=
# This output file may be truncated or incomplete.
#
#  Out of Memory Error (allocation.cpp:273), pid=4856, tid=0x0000000000001370
#
# JRE version: OpenJDK Runtime Environment (8.0_76-b03) (build 1.8.0_76-release-b03)
# Java VM: OpenJDK 64-Bit Server VM (25.76-b03 mixed mode windows-amd64 compressed oops)
# Failed to write core dump. Minidumps are not enabled by default on client versions of Windows
#

---------------  T H R E A D  ---------------

Current thread (0x0000000057744800):  JavaThread "C2 CompilerThread1" daemon [_thread_in_native, id=4976, stack(0x00000000573d0000,0x00000000574d0000)]

Stack: [0x00000000573d0000,0x00000000574d0000]
[error occurred during error reporting (printing stack bounds), id 0xc0000005]

Native frames: (J=compiled Java code, j=interpreted, Vv=VM code, C=native code)


Current CompileTask:
C2:1534413 11659   !   4       java.io.ObjectOutputStream::writeObject0 (619 bytes)


---------------  P R O C E S S  ---------------

Java Threads: ( => current thread )
  0x000000005afeb800 JavaThread "Stdin handler" [_thread_blocked, id=556, stack(0x000000005a9c0000,0x000000005aac0000)]
  0x000000005afe8800 JavaThread "Asynchronous log dispatcher for DefaultDaemonConnection: socket connection from /127.0.0.1:49426 to /127.0.0.1:54156" [_thread_blocked, id=5080, stack(0x000000005ab00000,0x000000005ac00000)]
  0x000000005afea000 JavaThread "Daemon worker Thread 3" [_thread_in_vm, id=4076, stack(0x000000005a620000,0x000000005a720000)]
  0x000000005afe9000 JavaThread "Cancel handler" [_thread_blocked, id=1536, stack(0x000000005a450000,0x000000005a550000)]
  0x000000005afea800 JavaThread "Handler for socket connection from /127.0.0.1:49426 to /127.0.0.1:54156" [_thread_in_native, id=4084, stack(0x000000005a020000,0x000000005a120000)]
  0x000000005afe7000 JavaThread "Daemon Thread 3" [_thread_blocked, id=1288, stack(0x0000000059e30000,0x0000000059f30000)]
  0x0000000059564800 JavaThread "File lock request listener" [_thread_in_native, id=2828, stack(0x000000005de90000,0x000000005df90000)]
  0x0000000058c77800 JavaThread "pool-1-thread-1" [_thread_blocked, id=1408, stack(0x000000005a830000,0x000000005a930000)]
  0x0000000058cb8000 JavaThread "Incoming local TCP Connector on port 49426" [_thread_in_native, id=2780, stack(0x000000005a150000,0x000000005a250000)]
  0x0000000057749000 JavaThread "Service Thread" daemon [_thread_blocked, id=4984, stack(0x0000000057e10000,0x0000000057f10000)]
  0x0000000057748800 JavaThread "C1 CompilerThread2" daemon [_thread_blocked, id=4980, stack(0x0000000057c80000,0x0000000057d80000)]
=>0x0000000057744800 JavaThread "C2 CompilerThread1" daemon [_thread_in_native, id=4976, stack(0x00000000573d0000,0x00000000574d0000)]
  0x0000000056087800 JavaThread "C2 CompilerThread0" daemon [_thread_blocked, id=4972, stack(0x00000000575f0000,0x00000000576f0000)]
  0x0000000056081800 JavaThread "Attach Listener" daemon [_thread_blocked, id=4968, stack(0x00000000574d0000,0x00000000575d0000)]
  0x0000000056080800 JavaThread "Signal Dispatcher" daemon [_thread_blocked, id=4964, stack(0x00000000572a0000,0x00000000573a0000)]
  0x0000000056066800 JavaThread "Finalizer" daemon [_thread_blocked, id=4960, stack(0x0000000056ef0000,0x0000000056ff0000)]
  0x000000005601f800 JavaThread "Reference Handler" daemon [_thread_blocked, id=4956, stack(0x0000000057030000,0x0000000057130000)]
  0x0000000001d6d800 JavaThread "main" [_thread_blocked, id=4924, stack(0x0000000002130000,0x0000000002230000)]

Other Threads:
  0x0000000056018000 VMThread [stack: 0x0000000056db0000,0x0000000056eb0000] [id=4952]
  0x000000005774a800 WatcherThread [stack: 0x0000000057f70000,0x0000000058070000] [id=4988]

VM state:not at safepoint (normal execution)

VM Mutex/Monitor currently owned by a thread: None

Heap:
 PSYoungGen      total 434176K, used 158778K [0x00000000e0000000, 0x00000000ffe80000, 0x0000000100000000)
  eden space 402944K, 36% used [0x00000000e0000000,0x00000000e8dfbdb8,0x00000000f8980000)
  from space 31232K, 42% used [0x00000000f8980000,0x00000000f9692b40,0x00000000fa800000)
  to   space 29184K, 0% used [0x00000000fe200000,0x00000000fe200000,0x00000000ffe80000)
 ParOldGen       total 112640K, used 52291K [0x00000000a0000000, 0x00000000a6e00000, 0x00000000e0000000)
  object space 112640K, 46% used [0x00000000a0000000,0x00000000a3310f30,0x00000000a6e00000)
 Metaspace       used 64505K, capacity 67686K, committed 67840K, reserved 1107968K
  class space    used 8527K, capacity 9195K, committed 9216K, reserved 1048576K

Card table byte_map: [0x00000000118c0000,0x0000000011bd0000] byte_map_base: 0x00000000113c0000

Marking Bits: (ParMarkBitMap*) 0x0000000071139d00
 Begin Bits: [0x0000000012390000, 0x0000000013b90000)
 End Bits:   [0x0000000013b90000, 0x0000000015390000)

Polling page: 0x0000000001b60000

CodeCache: size=245760Kb used=32376Kb max_used=32871Kb free=213383Kb
 bounds [0x0000000002500000, 0x0000000004550000, 0x0000000011500000]
 total_blobs=10572 nmethods=9801 adapters=682
 compilation: enabled

Compilation events (10 events):
Event: 1533.643 Thread 0x0000000057748800 nmethod 11654 0x0000000002f7ae50 code [0x0000000002f7afa0, 0x0000000002f7b0b0]
Event: 1533.701 Thread 0x0000000057748800 11655       3       groovy.lang.GroovySystem::isKeepJavaMetaClasses (4 bytes)
Event: 1533.701 Thread 0x0000000057748800 nmethod 11655 0x0000000002d38150 code [0x0000000002d382a0, 0x0000000002d383f0]
Event: 1533.704 Thread 0x0000000057748800 11656   !   3       org.gradle.internal.service.DefaultServiceRegistry::getAll (92 bytes)
Event: 1533.706 Thread 0x0000000057748800 nmethod 11656 0x00000000042c4490 code [0x00000000042c47a0, 0x00000000042c6128]
Event: 1533.782 Thread 0x0000000057748800 11658       3       org.gradle.internal.metaobject.CompositeDynamicObject::invokeMethod (53 bytes)
Event: 1533.782 Thread 0x0000000057744800 11659   !   4       java.io.ObjectOutputStream::writeObject0 (619 bytes)
Event: 1533.783 Thread 0x0000000057748800 nmethod 11658 0x000000000404aa90 code [0x000000000404ac20, 0x000000000404afa8]
Event: 1533.783 Thread 0x0000000057748800 11657       3       org.gradle.internal.metaobject.MixInClosurePropertiesAsMethodsDynamicObject::invokeMethod (113 bytes)
Event: 1533.784 Thread 0x0000000057748800 nmethod 11657 0x00000000027ef150 code [0x00000000027ef380, 0x00000000027f0078]

GC Heap History (10 events):
Event: 72.363 GC heap before
{Heap before GC invocations=8 (full 2):
 PSYoungGen      total 138240K, used 133120K [0x00000000e0000000, 0x00000000f1a80000, 0x0000000100000000)
  eden space 133120K, 100% used [0x00000000e0000000,0x00000000e8200000,0x00000000e8200000)
  from space 5120K, 0% used [0x00000000e8200000,0x00000000e8200000,0x00000000e8700000)
  to   space 16384K, 0% used [0x00000000f0a80000,0x00000000f0a80000,0x00000000f1a80000)
 ParOldGen       total 70656K, used 18885K [0x00000000a0000000, 0x00000000a4500000, 0x00000000e0000000)
  object space 70656K, 26% used [0x00000000a0000000,0x00000000a1271410,0x00000000a4500000)
 Metaspace       used 45461K, capacity 46422K, committed 46720K, reserved 1089536K
  class space    used 6020K, capacity 6258K, committed 6272K, reserved 1048576K
Event: 72.379 GC heap after
Heap after GC invocations=8 (full 2):
 PSYoungGen      total 249344K, used 13807K [0x00000000e0000000, 0x00000000f1800000, 0x0000000100000000)
  eden space 235520K, 0% used [0x00000000e0000000,0x00000000e0000000,0x00000000ee600000)
  from space 13824K, 99% used [0x00000000f0a80000,0x00000000f17fbe00,0x00000000f1800000)
  to   space 17920K, 0% used [0x00000000ef500000,0x00000000ef500000,0x00000000f0680000)
 ParOldGen       total 70656K, used 18893K [0x00000000a0000000, 0x00000000a4500000, 0x00000000e0000000)
  object space 70656K, 26% used [0x00000000a0000000,0x00000000a1273410,0x00000000a4500000)
 Metaspace       used 45461K, capacity 46422K, committed 46720K, reserved 1089536K
  class space    used 6020K, capacity 6258K, committed 6272K, reserved 1048576K
}
Event: 85.049 GC heap before
{Heap before GC invocations=9 (full 2):
 PSYoungGen      total 249344K, used 249327K [0x00000000e0000000, 0x00000000f1800000, 0x0000000100000000)
  eden space 235520K, 100% used [0x00000000e0000000,0x00000000ee600000,0x00000000ee600000)
  from space 13824K, 99% used [0x00000000f0a80000,0x00000000f17fbe00,0x00000000f1800000)
  to   space 17920K, 0% used [0x00000000ef500000,0x00000000ef500000,0x00000000f0680000)
 ParOldGen       total 70656K, used 18893K [0x00000000a0000000, 0x00000000a4500000, 0x00000000e0000000)
  object space 70656K, 26% used [0x00000000a0000000,0x00000000a1273410,0x00000000a4500000)
 Metaspace       used 53824K, capacity 55924K, committed 56064K, reserved 1097728K
  class space    used 7344K, capacity 7833K, committed 7936K, reserved 1048576K
Event: 85.084 GC heap after
Heap after GC invocations=9 (full 2):
 PSYoungGen      total 268800K, used 17907K [0x00000000e0000000, 0x00000000fc400000, 0x0000000100000000)
  eden space 250880K, 0% used [0x00000000e0000000,0x00000000e0000000,0x00000000ef500000)
  from space 17920K, 99% used [0x00000000ef500000,0x00000000f067cea0,0x00000000f0680000)
  to   space 28672K, 0% used [0x00000000fa800000,0x00000000fa800000,0x00000000fc400000)
 ParOldGen       total 70656K, used 34722K [0x00000000a0000000, 0x00000000a4500000, 0x00000000e0000000)
  object space 70656K, 49% used [0x00000000a0000000,0x00000000a21e8998,0x00000000a4500000)
 Metaspace       used 53824K, capacity 55924K, committed 56064K, reserved 1097728K
  class space    used 7344K, capacity 7833K, committed 7936K, reserved 1048576K
}
Event: 95.072 GC heap before
{Heap before GC invocations=10 (full 2):
 PSYoungGen      total 268800K, used 98460K [0x00000000e0000000, 0x00000000fc400000, 0x0000000100000000)
  eden space 250880K, 32% used [0x00000000e0000000,0x00000000e4eaa1e8,0x00000000ef500000)
  from space 17920K, 99% used [0x00000000ef500000,0x00000000f067cea0,0x00000000f0680000)
  to   space 28672K, 0% used [0x00000000fa800000,0x00000000fa800000,0x00000000fc400000)
 ParOldGen       total 70656K, used 34722K [0x00000000a0000000, 0x00000000a4500000, 0x00000000e0000000)
  object space 70656K, 49% used [0x00000000a0000000,0x00000000a21e8998,0x00000000a4500000)
 Metaspace       used 56560K, capacity 58920K, committed 59028K, reserved 1099776K
  class space    used 7593K, capacity 8098K, committed 8192K, reserved 1048576K
Event: 97.614 GC heap after
Heap after GC invocations=10 (full 2):
 PSYoungGen      total 431616K, used 22791K [0x00000000e0000000, 0x0000000100000000, 0x0000000100000000)
  eden space 402944K, 0% used [0x00000000e0000000,0x00000000e0000000,0x00000000f8980000)
  from space 28672K, 79% used [0x00000000fa800000,0x00000000fbe41d38,0x00000000fc400000)
  to   space 31232K, 0% used [0x00000000f8980000,0x00000000f8980000,0x00000000fa800000)
 ParOldGen       total 70656K, used 34722K [0x00000000a0000000, 0x00000000a4500000, 0x00000000e0000000)
  object space 70656K, 49% used [0x00000000a0000000,0x00000000a21e8998,0x00000000a4500000)
 Metaspace       used 56560K, capacity 58920K, committed 59028K, reserved 1099776K
  class space    used 7593K, capacity 8098K, committed 8192K, reserved 1048576K
}
Event: 97.614 GC heap before
{Heap before GC invocations=11 (full 3):
 PSYoungGen      total 431616K, used 22791K [0x00000000e0000000, 0x0000000100000000, 0x0000000100000000)
  eden space 402944K, 0% used [0x00000000e0000000,0x00000000e0000000,0x00000000f8980000)
  from space 28672K, 79% used [0x00000000fa800000,0x00000000fbe41d38,0x00000000fc400000)
  to   space 31232K, 0% used [0x00000000f8980000,0x00000000f8980000,0x00000000fa800000)
 ParOldGen       total 70656K, used 34722K [0x00000000a0000000, 0x00000000a4500000, 0x00000000e0000000)
  object space 70656K, 49% used [0x00000000a0000000,0x00000000a21e8998,0x00000000a4500000)
 Metaspace       used 56560K, capacity 58920K, committed 59028K, reserved 1099776K
  class space    used 7593K, capacity 8098K, committed 8192K, reserved 1048576K
Event: 98.478 GC heap after
Heap after GC invocations=11 (full 3):
 PSYoungGen      total 431616K, used 0K [0x00000000e0000000, 0x0000000100000000, 0x0000000100000000)
  eden space 402944K, 0% used [0x00000000e0000000,0x00000000e0000000,0x00000000f8980000)
  from space 28672K, 0% used [0x00000000fa800000,0x00000000fa800000,0x00000000fc400000)
  to   space 31232K, 0% used [0x00000000f8980000,0x00000000f8980000,0x00000000fa800000)
 ParOldGen       total 112640K, used 52283K [0x00000000a0000000, 0x00000000a6e00000, 0x00000000e0000000)
  object space 112640K, 46% used [0x00000000a0000000,0x00000000a330ef30,0x00000000a6e00000)
 Metaspace       used 56560K, capacity 58920K, committed 59028K, reserved 1099776K
  class space    used 7593K, capacity 8098K, committed 8192K, reserved 1048576K
}
Event: 909.952 GC heap before
{Heap before GC invocations=12 (full 3):
 PSYoungGen      total 431616K, used 402944K [0x00000000e0000000, 0x0000000100000000, 0x0000000100000000)
  eden space 402944K, 100% used [0x00000000e0000000,0x00000000f8980000,0x00000000f8980000)
  from space 28672K, 0% used [0x00000000fa800000,0x00000000fa800000,0x00000000fc400000)
  to   space 31232K, 0% used [0x00000000f8980000,0x00000000f8980000,0x00000000fa800000)
 ParOldGen       total 112640K, used 52283K [0x00000000a0000000, 0x00000000a6e00000, 0x00000000e0000000)
  object space 112640K, 46% used [0x00000000a0000000,0x00000000a330ef30,0x00000000a6e00000)
 Metaspace       used 62416K, capacity 65352K, committed 65536K, reserved 1105920K
  class space    used 8226K, capacity 8852K, committed 8960K, reserved 1048576K
Event: 910.112 GC heap after
Heap after GC invocations=12 (full 3):
 PSYoungGen      total 434176K, used 13386K [0x00000000e0000000, 0x00000000ffe80000, 0x0000000100000000)
  eden space 402944K, 0% used [0x00000000e0000000,0x00000000e0000000,0x00000000f8980000)
  from space 31232K, 42% used [0x00000000f8980000,0x00000000f9692b40,0x00000000fa800000)
  to   space 29184K, 0% used [0x00000000fe200000,0x00000000fe200000,0x00000000ffe80000)
 ParOldGen       total 112640K, used 52291K [0x00000000a0000000, 0x00000000a6e00000, 0x00000000e0000000)
  object space 112640K, 46% used [0x00000000a0000000,0x00000000a3310f30,0x00000000a6e00000)
 Metaspace       used 62416K, capacity 65352K, committed 65536K, reserved 1105920K
  class space    used 8226K, capacity 8852K, committed 8960K, reserved 1048576K
}

Deoptimization events (10 events):
Event: 928.757 Thread 0x000000005afea800 Uncommon trap: reason=bimorphic action=maybe_recompile pc=0x000000000340cfe8 method=java.util.AbstractList$Itr.next()Ljava/lang/Object; @ 14
Event: 928.913 Thread 0x000000005afea800 Uncommon trap: reason=class_check action=maybe_recompile pc=0x000000000443ece8 method=com.android.apkzlib.zip.ZipField.checkVerifiesInvariants(J)V @ 25
Event: 929.222 Thread 0x000000005afea800 Uncommon trap: reason=bimorphic action=maybe_recompile pc=0x000000000282ee08 method=com.google.common.collect.AbstractMapEntry.hashCode()I @ 1
Event: 929.244 Thread 0x000000005afea800 Uncommon trap: reason=class_check action=maybe_recompile pc=0x000000000444f728 method=com.android.apkzlib.zip.ZipField.checkVerifiesInvariants(J)V @ 25
Event: 929.246 Thread 0x000000005afea800 Uncommon trap: reason=class_check action=maybe_recompile pc=0x000000000282ed28 method=com.google.common.collect.AbstractMapEntry.hashCode()I @ 19
Event: 929.246 Thread 0x000000005afea800 Uncommon trap: reason=class_check action=maybe_recompile pc=0x000000000282ed28 method=com.google.common.collect.AbstractMapEntry.hashCode()I @ 19
Event: 929.247 Thread 0x000000005afea800 Uncommon trap: reason=bimorphic action=maybe_recompile pc=0x000000000282ee08 method=com.google.common.collect.AbstractMapEntry.hashCode()I @ 1
Event: 929.247 Thread 0x000000005afea800 Uncommon trap: reason=bimorphic action=maybe_recompile pc=0x0000000004477948 method=com.google.common.collect.RegularImmutableMap.<init>([Ljava/util/Map$Entry;)V @ 82
Event: 929.462 Thread 0x000000005afea800 Uncommon trap: reason=bimorphic action=maybe_recompile pc=0x0000000004477948 method=com.google.common.collect.RegularImmutableMap.<init>([Ljava/util/Map$Entry;)V @ 82
Event: 929.551 Thread 0x000000005afed000 Uncommon trap: reason=class_check action=maybe_recompile pc=0x0000000003b69f2c method=java.util.concurrent.locks.ReentrantLock.lock()V @ 4

Internal exceptions (10 events):
Event: 902.608 Thread 0x000000005afea800 Implicit null exception at 0x0000000003db42d8 to 0x0000000003db5619
Event: 902.608 Thread 0x000000005afea800 Implicit null exception at 0x00000000028e2d8a to 0x00000000028e2ddd
Event: 903.193 Thread 0x000000005afea800 Implicit null exception at 0x0000000003a0046c to 0x0000000003a009f9
Event: 904.274 Thread 0x000000005afea800 Implicit null exception at 0x00000000042c6e17 to 0x00000000042c714d
Event: 922.601 Thread 0x000000005afea800 Implicit null exception at 0x0000000003cd2f37 to 0x0000000003cd35e5
Event: 926.837 Thread 0x000000005afea800 Exception <a 'java/lang/NoSuchMethodError': java.lang.Object.lambda$asRunnable$0(Lcom/android/apkzlib/utils/IOExceptionRunnable;)V> (0x00000000e3cebdc8) thrown at [C:\src\android\AOSP-openjdk\external\jetbrains\jdk\hotspot\src\share\vm\interpreter\linkResoû≠vLdç@
Event: 929.549 Thread 0x000000005afed000 Exception <a 'java/lang/NoSuchMethodError': <clinit>> (0x00000000e77dedb8) thrown at [C:\src\android\AOSP-openjdk\external\jetbrains\jdk\hotspot\src\share\vm\prims\jni.cpp, line 1591]
Event: 929.563 Thread 0x000000005afea800 Exception <a 'sun/nio/fs/WindowsException'> (0x00000000e7730648) thrown at [C:\src\android\AOSP-openjdk\external\jetbrains\jdk\hotspot\src\share\vm\prims\jni.cpp, line 709]
Event: 1533.615 Thread 0x000000005afea000 Exception <a 'java/lang/ClassNotFoundException': asLocalRepo876_1132rrt2tyu75aqkpqfs9h57zBeanInfo> (0x00000000e8c50d90) thrown at [C:\src\android\AOSP-openjdk\external\jetbrains\jdk\hotspot\src\share\vm\classfile\systemDictionary.cpp, line 210]
Event: 1533.616 Thread 0x000000005afea000 Exception <a 'java/lang/ClassNotFoundException': asLocalRepo876_1132rrt2tyu75aqkpqfs9h57zCustomizer> (0x00000000e8c5bd48) thrown at [C:\src\android\AOSP-openjdk\external\jetbrains\jdk\hotspot\src\share\vm\classfile\systemDictionary.cpp, line 210]

Events (10 events):
Event: 1533.706 loading class groovy/runtime/metaclass/asLocalRepo876_1132rrt2tyu75aqkpqfs9h57z$_run_closure1$_closure2$_closure4$_closure5MetaClass
Event: 1533.706 loading class groovy/runtime/metaclass/asLocalRepo876_1132rrt2tyu75aqkpqfs9h57z$_run_closure1$_closure2$_closure4$_closure5MetaClass done
Event: 1533.707 loading class asLocalRepo876_1132rrt2tyu75aqkpqfs9h57z$_run_closure1$_closure3
Event: 1533.707 loading class asLocalRepo876_1132rrt2tyu75aqkpqfs9h57z$_run_closure1$_closure3 done
Event: 1533.708 loading class groovy/runtime/metaclass/asLocalRepo876_1132rrt2tyu75aqkpqfs9h57z$_run_closure1$_closure3MetaClass
Event: 1533.708 loading class groovy/runtime/metaclass/asLocalRepo876_1132rrt2tyu75aqkpqfs9h57z$_run_closure1$_closure3MetaClass done
Event: 1533.709 loading class asLocalRepo876_1132rrt2tyu75aqkpqfs9h57z$_run_closure1$_closure3$_closure6
Event: 1533.709 loading class asLocalRepo876_1132rrt2tyu75aqkpqfs9h57z$_run_closure1$_closure3$_closure6 done
Event: 1533.709 loading class groovy/runtime/metaclass/asLocalRepo876_1132rrt2tyu75aqkpqfs9h57z$_run_closure1$_closure3$_closure6MetaClass
Event: 1533.709 loading class groovy/runtime/metaclass/asLocalRepo876_1132rrt2tyu75aqkpqfs9h57z$_run_closure1$_closure3$_closure6MetaClass done


Dynamic libraries:
0x000000013f5f0000 - 0x000000013f621000 	C:\Program Files\Android\Android Studio\jre\bin\java.exe
0x0000000077660000 - 0x0000000077809000 	C:\Windows\SYSTEM32\ntdll.dll
0x0000000077540000 - 0x000000007765f000 	C:\Windows\system32\kernel32.dll
0x000007fefd5d0000 - 0x000007fefd63c000 	C:\Windows\system32\KERNELBASE.dll
0x000007feff030000 - 0x000007feff10b000 	C:\Windows\system32\ADVAPI32.dll
0x000007fefd860000 - 0x000007fefd8ff000 	C:\Windows\system32\msvcrt.dll
0x000007feff540000 - 0x000007feff55f000 	C:\Windows\SYSTEM32\sechost.dll
0x000007feff110000 - 0x000007feff23d000 	C:\Windows\system32\RPCRT4.dll
0x0000000077440000 - 0x000000007753a000 	C:\Windows\system32\USER32.dll
0x000007fefea10000 - 0x000007fefea77000 	C:\Windows\system32\GDI32.dll
0x000007fefd900000 - 0x000007fefd90e000 	C:\Windows\system32\LPK.dll
0x000007fefec70000 - 0x000007fefed39000 	C:\Windows\system32\USP10.dll
0x000007fefbd80000 - 0x000007fefbf74000 	C:\Windows\WinSxS\amd64_microsoft.windows.common-controls_6595b64144ccf1df_6.0.7601.17514_none_fa396087175ac9ac\COMCTL32.dll
0x000007feff4c0000 - 0x000007feff531000 	C:\Windows\system32\SHLWAPI.dll
0x000007fefdb90000 - 0x000007fefdbbe000 	C:\Windows\system32\IMM32.DLL
0x000007fefea80000 - 0x000007fefeb89000 	C:\Windows\system32\MSCTF.dll
0x00000000708a0000 - 0x0000000070972000 	C:\Program Files\Android\Android Studio\jre\jre\bin\msvcr100.dll
0x0000000070980000 - 0x00000000711b4000 	C:\Program Files\Android\Android Studio\jre\jre\bin\server\jvm.dll
0x000007fef5d90000 - 0x000007fef5d99000 	C:\Windows\system32\WSOCK32.dll
0x000007feff240000 - 0x000007feff28d000 	C:\Windows\system32\WS2_32.dll
0x000007feff800000 - 0x000007feff808000 	C:\Windows\system32\NSI.dll
0x000007fefb7b0000 - 0x000007fefb7eb000 	C:\Windows\system32\WINMM.dll
0x000007fefc570000 - 0x000007fefc57c000 	C:\Windows\system32\VERSION.dll
0x0000000077820000 - 0x0000000077827000 	C:\Windows\system32\PSAPI.DLL
0x000007fef5d80000 - 0x000007fef5d8f000 	C:\Program Files\Android\Android Studio\jre\jre\bin\verify.dll
0x000007fef5880000 - 0x000007fef58a9000 	C:\Program Files\Android\Android Studio\jre\jre\bin\java.dll
0x000007fef5be0000 - 0x000007fef5bf6000 	C:\Program Files\Android\Android Studio\jre\jre\bin\zip.dll
0x000007fefdc80000 - 0x000007fefea08000 	C:\Windows\system32\SHELL32.dll
0x000007fefee20000 - 0x000007feff023000 	C:\Windows\system32\ole32.dll
0x000007fefd430000 - 0x000007fefd43f000 	C:\Windows\system32\profapi.dll
0x000007fef5a00000 - 0x000007fef5a1a000 	C:\Program Files\Android\Android Studio\jre\jre\bin\net.dll
0x000007fefcbf0000 - 0x000007fefcc45000 	C:\Windows\system32\mswsock.dll
0x000007fefceb0000 - 0x000007fefceb7000 	C:\Windows\System32\wship6.dll
0x000007fef4270000 - 0x000007fef4281000 	C:\Program Files\Android\Android Studio\jre\jre\bin\nio.dll
0x000007fef1ce0000 - 0x000007fef1cfe000 	C:\Users\xdell\.gradle\native\23\windows-amd64\native-platform.dll
0x000007fefcca0000 - 0x000007fefccb7000 	C:\Windows\system32\CRYPTSP.dll
0x000007fefc950000 - 0x000007fefc997000 	C:\Windows\system32\rsaenh.dll
0x000007fefc760000 - 0x000007fefc77e000 	C:\Windows\system32\USERENV.dll
0x000007fefd320000 - 0x000007fefd32f000 	C:\Windows\system32\CRYPTBASE.dll
0x000007fefb4b0000 - 0x000007fefb4d7000 	C:\Windows\system32\IPHLPAPI.DLL
0x000007fefb400000 - 0x000007fefb40b000 	C:\Windows\system32\WINNSI.DLL
0x000007fefb210000 - 0x000007fefb228000 	C:\Windows\system32\dhcpcsvc.DLL
0x000007fefb170000 - 0x000007fefb181000 	C:\Windows\system32\dhcpcsvc6.DLL
0x000007fef5ce0000 - 0x000007fef5ced000 	C:\Program Files\Android\Android Studio\jre\jre\bin\management.dll
0x000007fefd2c0000 - 0x000007fefd317000 	C:\Windows\system32\apphelp.dll
0x000007fef37e0000 - 0x000007fef3804000 	C:\Program Files\Android\Android Studio\jre\jre\bin\sunec.dll
0x000007fef9520000 - 0x000007fef952b000 	C:\Program Files\Android\Android Studio\jre\jre\bin\sunmscapi.dll
0x000007fefd650000 - 0x000007fefd7ba000 	C:\Windows\system32\CRYPT32.dll
0x000007fefd4d0000 - 0x000007fefd4df000 	C:\Windows\system32\MSASN1.dll

VM Arguments:
jvm_args: -Xmx1536m -Dfile.encoding=windows-1252 -Duser.country=US -Duser.language=en -Duser.variant 
java_command: org.gradle.launcher.daemon.bootstrap.GradleDaemon 3.3
java_class_path (initial): C:\Users\xdell\.gradle\wrapper\dists\gradle-3.3-all\55gk2rcmfc6p2dg9u9ohc3hw9\gradle-3.3\lib\gradle-launcher-3.3.jar
Launcher Type: SUN_STANDARD

Environment Variables:
PATH=C:\ProgramData\Oracle\Java\javapath;C:\Windows\system32;C:\Windows;C:\Windows\System32\Wbem;C:\Windows\System32\WindowsPowerShell\v1.0\;;C:\Program Files (x86)\Microsoft VS Code\bin
USERNAME=xdell
OS=Windows_NT
PROCESSOR_IDENTIFIER=Intel64 Family 6 Model 42 Stepping 7, GenuineIntel



---------------  S Y S T E M  ---------------

OS: Windows 7 , 64 bit Build 7601 (6.1.7601.17932)

CPU:total 4 (2 cores per cpu, 2 threads per core) family 6 model 42 stepping 7, cmov, cx8, fxsr, mmx, sse, sse2, sse3, ssse3, sse4.1, sse4.2, popcnt, avx, aes, clmul, ht, tsc, tscinvbit

Memory: 4k page, physical 8344508k(1863392k free), swap 8342656k(5096k free)

vm_info: OpenJDK 64-Bit Server VM (25.76-b03) for windows-amd64 JRE (1.8.0_76-release-b03), built on Jun 29 2016 19:09:20 by "ralucas" with MS VC++ 10.0 (VS2010)

time: Fri Nov 03 16:27:41 2017
elapsed time: 1533 seconds (0d 0h 25m 33s)

