JvmtiExport can_access_local_variables 0
JvmtiExport can_hotswap_or_post_breakpoint 0
JvmtiExport can_post_on_exceptions 0
# 470 ciObject found
instanceKlass com/android/build/gradle/tasks/PackageAndroidArtifact$KnownFilesSaveData$$Lambda$350
instanceKlass com/android/builder/files/IncrementalRelativeFileSets$$Lambda$349
instanceKlass com/android/builder/files/IncrementalRelativeFileSets$$Lambda$348
instanceKlass com/android/builder/files/RelativeFiles
instanceKlass com/android/build/gradle/tasks/PackageAndroidArtifact$$Lambda$347
instanceKlass java/util/stream/ForEachOps$ForEachOp
instanceKlass java/util/stream/ForEachOps
instanceKlass com/android/build/gradle/tasks/PackageAndroidArtifact$$Lambda$346
instanceKlass java/util/stream/DistinctOps
instanceKlass com/android/build/gradle/tasks/PackageAndroidArtifact$$Lambda$345
instanceKlass com/android/build/gradle/tasks/PackageAndroidArtifact$$Lambda$344
instanceKlass com/android/apkzlib/zip/ZFile$$Lambda$343
instanceKlass com/android/apkzlib/sign/v2/ApkSignerV2$V2SignatureSchemeBlock$Signer
instanceKlass com/android/apkzlib/sign/v2/ApkSignerV2$V2SignatureSchemeBlock$SignedData
instanceKlass com/android/apkzlib/sign/v2/ZFileDigestSource
instanceKlass com/android/apkzlib/sign/v2/ByteArrayDigestSource
instanceKlass com/android/apkzlib/sign/v2/ApkSignerV2$SignerConfig
instanceKlass com/android/apkzlib/zip/ZFile$$Lambda$342
instanceKlass com/android/apkzlib/zip/Eocd$$Lambda$341
instanceKlass com/android/apkzlib/zip/ExtraField$$Lambda$340
instanceKlass com/android/apkzlib/zip/ExtraField$SegmentFactory
instanceKlass java/lang/invoke/LambdaForm$DMH
instanceKlass com/android/apkzlib/zip/ExtraField$AlignmentSegment
instanceKlass com/android/apkzlib/zip/ZFile$$Lambda$339
instanceKlass java/lang/invoke/LambdaForm$DMH
instanceKlass com/android/apkzlib/zip/ZFile$$Lambda$338
instanceKlass com/android/apkzlib/zip/ZFile$$Lambda$337
instanceKlass com/android/apkzlib/zip/ZFile$$Lambda$336
instanceKlass com/android/apkzlib/zip/ExtraField$Segment
instanceKlass org/bouncycastle/asn1/DEROctetStringParser
instanceKlass org/bouncycastle/asn1/DERSequenceParser
instanceKlass org/bouncycastle/asn1/DERSetParser
instanceKlass org/bouncycastle/asn1/BERTaggedObjectParser
instanceKlass org/bouncycastle/asn1/BERSequenceParser
instanceKlass org/bouncycastle/asn1/ASN1StreamParser
instanceKlass org/bouncycastle/asn1/OIDTokenizer
instanceKlass org/bouncycastle/asn1/ASN1OutputStream
instanceKlass org/bouncycastle/asn1/eac/EACObjectIdentifiers
instanceKlass java/security/cert/CertStoreParameters
instanceKlass org/bouncycastle/x509/X509StoreParameters
instanceKlass org/bouncycastle/cms/CMSSignedHelper
instanceKlass org/bouncycastle/cms/CMSSignedData
instanceKlass sun/security/rsa/RSACore$BlindingRandomPair
instanceKlass sun/security/jca/JCAUtil$CachedSecureRandomHolder
instanceKlass sun/security/jca/JCAUtil
instanceKlass sun/security/rsa/RSACore$BlindingParameters
instanceKlass org/bouncycastle/cms/CMSUtils
instanceKlass org/bouncycastle/operator/jcajce/JcaDigestCalculatorProviderBuilder$1$1
instanceKlass sun/security/mscapi/SunMSCAPI$1
instanceKlass sun/security/smartcardio/SunPCSC$1
instanceKlass org/jcp/xml/dsig/internal/dom/XMLDSigRI$1
instanceKlass com/sun/security/sasl/Provider$1
instanceKlass sun/security/jgss/SunProvider$1
instanceKlass com/sun/crypto/provider/SunJCE$1
instanceKlass sun/security/ssl/SunJSSE$1
instanceKlass java/security/spec/ECFieldF2m
instanceKlass java/security/spec/ECParameterSpec
instanceKlass java/security/spec/ECPoint
instanceKlass java/security/spec/EllipticCurve
instanceKlass java/security/spec/ECFieldFp
instanceKlass java/security/spec/ECField
instanceKlass sun/security/ec/CurveDB
instanceKlass sun/security/ec/SunECEntries
instanceKlass sun/security/ec/SunEC$1
instanceKlass org/bouncycastle/operator/DefaultDigestAlgorithmIdentifierFinder
instanceKlass org/bouncycastle/operator/DigestAlgorithmIdentifierFinder
instanceKlass org/bouncycastle/cms/SignerInfoGenerator
instanceKlass org/bouncycastle/cms/DefaultCMSSignatureEncryptionAlgorithmFinder
instanceKlass org/bouncycastle/cms/CMSSignatureEncryptionAlgorithmFinder
instanceKlass org/bouncycastle/cms/SignerInfoGeneratorBuilder
instanceKlass org/bouncycastle/operator/DigestCalculator
instanceKlass org/bouncycastle/operator/jcajce/JcaDigestCalculatorProviderBuilder$1
instanceKlass org/bouncycastle/operator/DigestCalculatorProvider
instanceKlass org/bouncycastle/operator/jcajce/JcaDigestCalculatorProviderBuilder
instanceKlass org/bouncycastle/cms/jcajce/JcaSignerInfoGeneratorBuilder
instanceKlass org/bouncycastle/operator/jcajce/JcaContentSignerBuilder$1
instanceKlass sun/security/rsa/RSAPadding
instanceKlass sun/security/rsa/RSACore
instanceKlass org/bouncycastle/util/Strings
instanceKlass org/bouncycastle/operator/DefaultSignatureAlgorithmIdentifierFinder
instanceKlass org/bouncycastle/operator/SignatureAlgorithmIdentifierFinder
instanceKlass org/bouncycastle/jcajce/DefaultJcaJceHelper
instanceKlass org/bouncycastle/asn1/kisa/KISAObjectIdentifiers
instanceKlass org/bouncycastle/asn1/ntt/NTTObjectIdentifiers
instanceKlass org/bouncycastle/operator/jcajce/OperatorHelper
instanceKlass org/bouncycastle/operator/ContentSigner
instanceKlass org/bouncycastle/jcajce/JcaJceHelper
instanceKlass org/bouncycastle/operator/jcajce/JcaContentSignerBuilder
instanceKlass org/bouncycastle/asn1/x9/X9ObjectIdentifiers
instanceKlass org/bouncycastle/asn1/teletrust/TeleTrusTObjectIdentifiers
instanceKlass com/google/common/util/concurrent/Futures$ChainingListenableFuture$1
instanceKlass org/bouncycastle/asn1/cryptopro/CryptoProObjectIdentifiers
instanceKlass org/bouncycastle/asn1/nist/NISTObjectIdentifiers
instanceKlass org/bouncycastle/asn1/oiw/OIWObjectIdentifiers
instanceKlass org/bouncycastle/cms/CMSAttributeTableGenerator
instanceKlass org/bouncycastle/cms/CMSSignedGenerator
instanceKlass org/bouncycastle/asn1/x509/X509ObjectIdentifiers
instanceKlass org/bouncycastle/asn1/x500/style/BCStyle
instanceKlass org/bouncycastle/asn1/x500/X500NameStyle
instanceKlass org/bouncycastle/asn1/ASN1Choice
instanceKlass org/bouncycastle/asn1/ASN1TaggedObjectParser
instanceKlass org/bouncycastle/asn1/ASN1SetParser
instanceKlass org/bouncycastle/asn1/ASN1SequenceParser
instanceKlass org/bouncycastle/asn1/DERFactory
instanceKlass org/bouncycastle/util/Arrays
instanceKlass org/bouncycastle/util/io/Streams
instanceKlass org/bouncycastle/asn1/ASN1EncodableVector
instanceKlass org/bouncycastle/asn1/StreamUtil
instanceKlass java/util/zip/Deflater
instanceKlass org/bouncycastle/asn1/ASN1String
instanceKlass org/bouncycastle/asn1/ASN1OctetStringParser
instanceKlass org/bouncycastle/asn1/InMemoryRepresentable
instanceKlass org/bouncycastle/asn1/BERTags
instanceKlass org/bouncycastle/cert/X509CertificateHolder
instanceKlass org/bouncycastle/util/CollectionStore
instanceKlass org/bouncycastle/asn1/pkcs/PKCSObjectIdentifiers
instanceKlass org/bouncycastle/asn1/cms/CMSObjectIdentifiers
instanceKlass org/bouncycastle/asn1/ASN1Object
instanceKlass org/bouncycastle/cms/CMSProcessableByteArray
instanceKlass org/bouncycastle/cms/CMSReadable
instanceKlass com/google/common/util/concurrent/Futures$2
instanceKlass com/android/apkzlib/zip/ZFile$$Lambda$335
instanceKlass com/android/apkzlib/zip/CompressionResult
instanceKlass com/android/apkzlib/zip/ZFile$2
instanceKlass com/android/apkzlib/zip/compress/ExecutorCompressor$$Lambda$334
instanceKlass com/google/common/primitives/UnsignedInts
instanceKlass com/android/apkzlib/sign/SignatureExtension$1$$Lambda$333
instanceKlass com/android/apkzlib/sign/ManifestGenerationExtension$1$$Lambda$332
instanceKlass com/android/builder/internal/packaging/IncrementalPackager$$Lambda$331
instanceKlass com/android/builder/internal/packaging/IncrementalPackager$$Lambda$330
instanceKlass com/android/builder/internal/packaging/IncrementalPackager$$Lambda$329
instanceKlass com/android/builder/internal/packaging/IncrementalPackager$$Lambda$328
instanceKlass com/android/apkzlib/sign/SignatureExtension$1$$Lambda$327
instanceKlass com/android/apkzlib/zip/ZFile$$Lambda$326
instanceKlass com/android/apkzlib/zip/FileUseMap$1
instanceKlass com/android/apkzlib/zip/ZFile$3
instanceKlass com/android/builder/internal/packaging/IncrementalPackager$$Lambda$325
instanceKlass com/android/builder/internal/packaging/IncrementalPackager$$Lambda$324
instanceKlass java/lang/invoke/LambdaForm$DMH
instanceKlass com/android/builder/internal/packaging/IncrementalPackager$$Lambda$323
instanceKlass com/android/builder/internal/packaging/PackagedFileUpdates
instanceKlass com/android/builder/internal/packaging/IncrementalPackager$$Lambda$322
instanceKlass com/android/builder/internal/packaging/IncrementalPackager$$Lambda$321
instanceKlass com/android/builder/internal/packaging/IncrementalPackager$$Lambda$320
instanceKlass com/android/builder/internal/packaging/IncrementalPackager$$Lambda$319
instanceKlass com/android/builder/internal/packaging/IncrementalPackager$$Lambda$318
instanceKlass com/android/builder/internal/packaging/IncrementalPackager$$Lambda$317
instanceKlass com/android/builder/internal/packaging/IncrementalPackager$$Lambda$316
instanceKlass com/android/builder/internal/packaging/IncrementalPackager$$Lambda$315
instanceKlass com/android/builder/internal/packaging/PackagedFileUpdate
instanceKlass com/android/builder/internal/packaging/DexIncrementalRenameManager$DexNameComparator
instanceKlass com/android/builder/internal/packaging/DexIncrementalRenameManager$$Lambda$314
instanceKlass com/google/common/collect/Maps$FilteredEntryBiMap$1
instanceKlass com/google/common/base/MoreObjects$ToStringHelper$ValueHolder
instanceKlass com/google/common/base/MoreObjects$ToStringHelper
instanceKlass com/android/builder/internal/packaging/DexFileNameSupplier
instanceKlass com/android/builder/files/NativeLibraryAbiPredicate
instanceKlass com/android/builder/internal/packaging/DexIncrementalRenameManager
instanceKlass java/security/spec/MGF1ParameterSpec
instanceKlass java/security/spec/PSSParameterSpec
instanceKlass com/android/apkzlib/utils/ApkZLibPair
instanceKlass com/android/apkzlib/sign/v2/ApkSignerV2
instanceKlass com/android/apkzlib/sign/v2/DigestSource
instanceKlass com/android/apkzlib/sign/FullApkSignExtension
instanceKlass com/android/apkzlib/sign/SignatureExtension$$Lambda$313
instanceKlass com/android/apkzlib/sign/SignatureExtension$$Lambda$312
instanceKlass com/android/apkzlib/sign/SignatureExtension$$Lambda$311
instanceKlass com/android/apkzlib/sign/SignatureExtension$$Lambda$310
instanceKlass org/bouncycastle/asn1/ASN1Encodable
instanceKlass org/bouncycastle/cms/CMSTypedData
instanceKlass org/bouncycastle/cms/CMSProcessable
instanceKlass org/bouncycastle/util/Store
instanceKlass com/android/apkzlib/sign/SignatureExtension
instanceKlass java/util/Vector$1
instanceKlass com/android/apkzlib/sign/ManifestGenerationExtension$$Lambda$309
instanceKlass com/android/apkzlib/sign/ManifestGenerationExtension
instanceKlass com/android/apkzlib/zip/AlignmentRules$$Lambda$308
instanceKlass com/android/apkzlib/zfile/ZFiles
instanceKlass com/android/apkzlib/zfile/ApkZFileCreator$1
instanceKlass com/android/apkzlib/zip/AlignmentRules$$Lambda$307
instanceKlass com/android/apkzlib/zfile/ApkZFileCreator
instanceKlass com/android/apkzlib/zfile/ApkCreator
instanceKlass com/android/apkzlib/zfile/ApkZFileCreatorFactory
instanceKlass com/android/apkzlib/zfile/ApkCreatorFactory
instanceKlass com/android/build/gradle/internal/packaging/ApkCreatorFactories
instanceKlass com/android/builder/packaging/PackagingUtils$$Lambda$306
instanceKlass com/android/ide/common/signing/CertificateInfo
instanceKlass java/security/KeyStore$PrivateKeyEntry
instanceKlass java/security/KeyStore$Entry
instanceKlass sun/security/pkcs/EncryptedPrivateKeyInfo
instanceKlass sun/security/provider/KeyProtector
instanceKlass sun/security/provider/JavaKeyStore$TrustedCertEntry
instanceKlass java/security/KeyStore$PasswordProtection
instanceKlass sun/security/pkcs/PKCS8Key
instanceKlass java/security/interfaces/RSAPrivateCrtKey
instanceKlass java/security/interfaces/RSAPrivateKey
instanceKlass java/security/interfaces/RSAPublicKey
instanceKlass java/security/interfaces/RSAKey
instanceKlass java/security/spec/RSAPrivateKeySpec
instanceKlass java/security/spec/RSAPublicKeySpec
instanceKlass sun/security/rsa/SunRsaSignEntries
instanceKlass sun/security/provider/JavaKeyStore$KeyEntry
instanceKlass sun/security/provider/KeyStoreDelegator$1
instanceKlass java/security/KeyStoreSpi
instanceKlass com/android/build/gradle/tasks/PackageAndroidArtifact$1
instanceKlass com/android/apkzlib/utils/IOExceptionRunnable$$Lambda$305
instanceKlass com/android/builder/files/IncrementalRelativeFileSets$$Lambda$304
instanceKlass com/android/apkzlib/zip/ZFile$$Lambda$303
instanceKlass com/android/apkzlib/zip/ZFile$$Lambda$302
instanceKlass com/android/apkzlib/zip/ZFile$$Lambda$301
instanceKlass com/android/apkzlib/zip/ZFile$$Lambda$300
instanceKlass com/android/apkzlib/utils/IOExceptionFunction
instanceKlass com/android/apkzlib/utils/IOExceptionRunnable
instanceKlass com/android/apkzlib/zip/ZFileExtension
instanceKlass com/android/apkzlib/zip/ProcessedAndRawByteSources
instanceKlass com/android/apkzlib/zip/StoredEntry$$Lambda$299
instanceKlass com/android/apkzlib/zip/StoredEntry
instanceKlass com/android/apkzlib/zip/ExtraField
instanceKlass com/android/apkzlib/zip/utils/MsDosDateTimeUtils
instanceKlass com/android/apkzlib/zip/CentralDirectoryHeader
instanceKlass com/google/common/util/concurrent/Futures$ImmediateFuture
instanceKlass com/android/apkzlib/zip/CentralDirectoryHeaderCompressInfo
instanceKlass com/android/apkzlib/zip/EncodeUtils
instanceKlass com/android/apkzlib/zip/GPFlags
instanceKlass com/android/apkzlib/zip/CentralDirectory$$Lambda$298
instanceKlass com/android/apkzlib/zip/CentralDirectory
instanceKlass com/android/apkzlib/zip/Eocd$$Lambda$297
instanceKlass com/android/apkzlib/utils/CachedSupplier
instanceKlass com/google/common/base/Verify
instanceKlass com/android/apkzlib/zip/utils/LittleEndianUtils
instanceKlass com/android/apkzlib/zip/ZipFieldInvariantMaxValue
instanceKlass com/android/apkzlib/zip/ZipFieldInvariantNonNegative
instanceKlass com/android/apkzlib/zip/ZipFieldInvariant
instanceKlass com/android/apkzlib/zip/ZipField
instanceKlass com/android/apkzlib/zip/Eocd
instanceKlass com/android/apkzlib/zip/utils/RandomAccessFileUtils
instanceKlass com/android/apkzlib/zip/FileUseMapEntry$$Lambda$296
instanceKlass com/android/apkzlib/zip/FileUseMapEntry$$Lambda$295
instanceKlass com/android/apkzlib/zip/FileUseMapEntry
instanceKlass com/android/apkzlib/zip/FileUseMap
instanceKlass com/android/apkzlib/zip/AlignmentRules$$Lambda$294
instanceKlass com/android/apkzlib/zip/AlignmentRules
instanceKlass com/android/apkzlib/zip/AlignmentRule
instanceKlass com/android/apkzlib/zip/ZFileOptions$$Lambda$293
instanceKlass java/lang/invoke/LambdaForm$DMH
instanceKlass com/android/apkzlib/zip/compress/ExecutorCompressor
instanceKlass com/android/apkzlib/zip/utils/ByteTracker
instanceKlass com/android/apkzlib/zip/Compressor
instanceKlass com/android/apkzlib/zip/ZFileOptions
instanceKlass com/android/apkzlib/zip/ZFile
instanceKlass org/apache/commons/codec/binary/Base64
instanceKlass org/apache/commons/codec/BinaryDecoder
instanceKlass org/apache/commons/codec/Decoder
instanceKlass org/apache/commons/codec/BinaryEncoder
instanceKlass org/apache/commons/codec/Encoder
instanceKlass com/google/common/base/Functions$ConstantFunction
instanceKlass com/google/common/base/Functions
instanceKlass com/android/builder/files/IncrementalRelativeFileSets
instanceKlass com/google/common/base/Predicates$CompositionPredicate
instanceKlass com/google/common/base/Predicates$IsEqualToPredicate
instanceKlass com/google/common/hash/Funnel
instanceKlass com/google/common/hash/Funnels
instanceKlass com/google/common/hash/Hashing$Crc32Holder
instanceKlass com/android/builder/files/RelativeFile
instanceKlass com/android/apkzlib/utils/CachedFileContents
instanceKlass java/util/concurrent/ConcurrentHashMap$MapEntry
instanceKlass com/android/ide/common/res2/MergedResourceWriter$$Lambda$292
instanceKlass com/android/utils/XmlUtils$PositionAwareStringBuilder
instanceKlass com/android/ide/common/res2/MergedResourceWriter$PngCrunchRequest
instanceKlass com/android/ide/common/res2/MergedResourceWriter$$Lambda$291
instanceKlass com/android/ide/common/blame/SourceFileJsonTypeAdapter$1
instanceKlass com/android/ide/common/res2/MergedResourceWriter$2
instanceKlass com/google/common/collect/AbstractMapBasedMultimap$Itr
instanceKlass com/google/common/collect/HashBasedTable$Factory
instanceKlass com/google/common/collect/AbstractTable
instanceKlass java/util/concurrent/ConcurrentLinkedDeque$Node
instanceKlass javax/management/Attribute
instanceKlass com/android/ide/common/internal/ExecutorSingleton$$Lambda$290
instanceKlass java/util/concurrent/ExecutorCompletionService
instanceKlass java/util/concurrent/CompletionService
instanceKlass com/android/ide/common/internal/WaitableExecutor
instanceKlass com/android/ide/common/res2/MergeWriter
instanceKlass com/android/ide/common/res2/ResourceSet$1
instanceKlass com/android/resources/FolderTypeRelationship
instanceKlass com/android/ide/common/res2/ResourceSet$FolderData
instanceKlass com/android/ide/common/res2/DataSet$1
